--- Startup times for process: Primary/TUI ---

times in msec
 clock   self+sourced   self:  sourced script
 clock   elapsed:              other lines

000.002  000.002: --- NVIM STARTING ---
000.223  000.221: event init
000.301  000.078: early init
000.341  000.040: locale set
000.390  000.049: init first window
000.693  000.302: inits 1
000.704  000.011: window checked
000.706  000.002: parsing arguments
001.273  000.044  000.044: require('vim.shared')
001.364  000.046  000.046: require('vim.inspect')
001.420  000.042  000.042: require('vim._options')
001.421  000.145  000.057: require('vim._editor')
001.423  000.241  000.052: require('vim._init_packages')
001.425  000.478: init lua interpreter
002.010  000.585: --- NVIM STARTED ---

--- Startup times for process: Embedded ---

times in msec
 clock   self+sourced   self:  sourced script
 clock   elapsed:              other lines

000.002  000.002: --- NVIM STARTING ---
000.203  000.201: event init
000.299  000.095: early init
000.342  000.043: locale set
000.400  000.058: init first window
000.663  000.263: inits 1
000.682  000.020: window checked
000.687  000.005: parsing arguments
001.515  000.087  000.087: require('vim.shared')
001.725  000.114  000.114: require('vim.inspect')
001.879  000.101  000.101: require('vim._options')
001.884  000.360  000.145: require('vim._editor')
001.887  000.515  000.068: require('vim._init_packages')
001.898  000.696: init lua interpreter
002.066  000.167: expanding arguments
002.107  000.042: inits 2
002.748  000.641: init highlight
002.768  000.020: waiting for UI
003.804  001.036: done waiting for UI
003.907  000.103: clear screen
004.254  000.011  000.011: require('vim.keymap')
005.136  001.203  001.192: require('vim._defaults')
005.140  000.030: init default mappings & autocommands
005.552  000.050  000.050: sourcing /usr/share/nvim/runtime/ftplugin.vim
005.617  000.028  000.028: sourcing /usr/share/nvim/runtime/indent.vim
005.760  000.090  000.090: sourcing /usr/share/nvim/archlinux.lua
005.766  000.120  000.031: sourcing /etc/xdg/nvim/sysinit.vim
006.536  000.698  000.698: require('zedd.core.options')
006.770  000.230  000.230: require('zedd.core.keybinds')
007.571  000.430  000.430: require('lazy')
007.596  000.014  000.014: require('ffi')
007.690  000.018  000.018: require('vim.fs')
007.846  000.150  000.150: require('vim.uri')
007.857  000.258  000.090: require('vim.loader')
008.231  000.351  000.351: require('lazy.stats')
008.354  000.102  000.102: require('lazy.core.util')
008.497  000.140  000.140: require('lazy.core.config')
008.784  000.130  000.130: require('lazy.core.handler')
009.096  000.099  000.099: require('lazy.pkg')
009.102  000.220  000.121: require('lazy.core.meta')
009.110  000.324  000.104: require('lazy.core.plugin')
009.118  000.619  000.166: require('lazy.core.loader')
009.726  000.183  000.183: require('lazy.core.fragments')
011.045  000.131  000.131: require('lazy.core.handler.event')
011.175  000.122  000.122: require('lazy.core.handler.cmd')
011.229  000.051  000.051: require('lazy.core.handler.keys')
011.269  000.037  000.037: require('lazy.core.handler.ft')
012.283  000.208  000.208: sourcing /usr/share/nvim/runtime/filetype.lua
012.548  000.091  000.091: sourcing /usr/share/nvim/runtime/plugin/editorconfig.lua
012.735  000.156  000.156: sourcing /usr/share/nvim/runtime/plugin/gzip.vim
012.880  000.115  000.115: sourcing /usr/share/nvim/runtime/plugin/man.lua
013.290  000.170  000.170: sourcing /usr/share/nvim/runtime/pack/dist/opt/matchit/plugin/matchit.vim
013.308  000.396  000.226: sourcing /usr/share/nvim/runtime/plugin/matchit.vim
013.439  000.104  000.104: sourcing /usr/share/nvim/runtime/plugin/matchparen.vim
013.711  000.239  000.239: sourcing /usr/share/nvim/runtime/plugin/netrwPlugin.vim
013.815  000.052  000.052: sourcing /usr/share/nvim/runtime/plugin/osc52.lua
013.967  000.118  000.118: sourcing /usr/share/nvim/runtime/plugin/rplugin.vim
014.052  000.047  000.047: sourcing /usr/share/nvim/runtime/plugin/shada.vim
014.105  000.018  000.018: sourcing /usr/share/nvim/runtime/plugin/spellfile.vim
014.197  000.064  000.064: sourcing /usr/share/nvim/runtime/plugin/tarPlugin.vim
014.327  000.093  000.093: sourcing /usr/share/nvim/runtime/plugin/tohtml.lua
014.381  000.017  000.017: sourcing /usr/share/nvim/runtime/plugin/tutor.vim
014.539  000.129  000.129: sourcing /usr/share/nvim/runtime/plugin/zipPlugin.vim
014.711  007.939  003.652: require('zedd.plugins')
014.713  008.916  000.050: sourcing /home/zedd/.config/nvim/init.lua
014.719  000.465: sourcing vimrc file(s)
014.887  000.044  000.044: sourcing /usr/share/nvim/runtime/filetype.lua
015.033  000.053  000.053: sourcing /usr/share/nvim/runtime/syntax/synload.vim
015.105  000.173  000.120: sourcing /usr/share/nvim/runtime/syntax/syntax.vim
015.114  000.178: inits 3
022.922  007.809: reading ShaDa
023.063  000.140: opening buffers
023.090  000.027: BufEnter autocommands
023.093  000.003: editing files in windows
023.200  000.107: VimEnter autocommands
023.239  000.040: UIEnter autocommands
023.507  000.220  000.220: sourcing /usr/share/nvim/runtime/autoload/provider/clipboard.vim
023.514  000.055: before starting main loop
023.804  000.289: first screen update
023.806  000.002: --- NVIM STARTED ---

